# JRE version: OpenJDK Runtime Environment (8.0_202-b03) (build 1.8.0_202-release-1483-b03)
# Java VM: OpenJDK 64-Bit Server VM (25.202-b03 mixed mode windows-amd64 compressed oops)
Heap:
 PSYoungGen      total 118272K, used 27292K [0x00000000e0000000, 0x00000000e8180000, 0x0000000100000000)
  eden space 103424K, 26% used [0x00000000e0000000,0x00000000e1aa7358,0x00000000e6500000)
  from space 14848K, 0% used [0x00000000e7300000,0x00000000e7300000,0x00000000e8180000)
  to   space 14336K, 0% used [0x00000000e6500000,0x00000000e6500000,0x00000000e7300000)
 ParOldGen       total 92672K, used 54565K [0x00000000a0000000, 0x00000000a5a80000, 0x00000000e0000000)
  object space 92672K, 58% used [0x00000000a0000000,0x00000000a35497b0,0x00000000a5a80000)
 Metaspace       used 89506K, capacity 92772K, committed 93184K, reserved 1130496K
  class space    used 11250K, capacity 11927K, committed 12032K, reserved 1048576K
GC Heap History (10 events):
Event: 678.547 GC heap before
{Heap before GC invocations=83 (full 4):
 PSYoungGen      total 93184K, used 82663K [0x00000000e0000000, 0x00000000e6900000, 0x0000000100000000)
  eden space 79872K, 100% used [0x00000000e0000000,0x00000000e4e00000,0x00000000e4e00000)
  from space 13312K, 20% used [0x00000000e5c00000,0x00000000e5eb9ec8,0x00000000e6900000)
  to   space 13824K, 0% used [0x00000000e4e00000,0x00000000e4e00000,0x00000000e5b80000)
 ParOldGen       total 74752K, used 61914K [0x00000000a0000000, 0x00000000a4900000, 0x00000000e0000000)
  object space 74752K, 82% used [0x00000000a0000000,0x00000000a3c76910,0x00000000a4900000)
 Metaspace       used 81980K, capacity 84958K, committed 85888K, reserved 1124352K
  class space    used 10328K, capacity 10968K, committed 11136K, reserved 1048576K
Event: 678.552 GC heap after
Heap after GC invocations=83 (full 4):
 PSYoungGen      total 93696K, used 544K [0x00000000e0000000, 0x00000000e7500000, 0x0000000100000000)
  eden space 79872K, 0% used [0x00000000e0000000,0x00000000e0000000,0x00000000e4e00000)
  from space 13824K, 3% used [0x00000000e4e00000,0x00000000e4e88000,0x00000000e5b80000)
  to   space 14336K, 0% used [0x00000000e6700000,0x00000000e6700000,0x00000000e7500000)
 ParOldGen       total 74752K, used 63783K [0x00000000a0000000, 0x00000000a4900000, 0x00000000e0000000)
  object space 74752K, 85% used [0x00000000a0000000,0x00000000a3e49d88,0x00000000a4900000)
 Metaspace       used 81980K, capacity 84958K, committed 85888K, reserved 1124352K
  class space    used 10328K, capacity 10968K, committed 11136K, reserved 1048576K
}
Event: 678.993 GC heap before
{Heap before GC invocations=84 (full 4):
 PSYoungGen      total 93696K, used 80416K [0x00000000e0000000, 0x00000000e7500000, 0x0000000100000000)
  eden space 79872K, 100% used [0x00000000e0000000,0x00000000e4e00000,0x00000000e4e00000)
  from space 13824K, 3% used [0x00000000e4e00000,0x00000000e4e88000,0x00000000e5b80000)
  to   space 14336K, 0% used [0x00000000e6700000,0x00000000e6700000,0x00000000e7500000)
 ParOldGen       total 74752K, used 63783K [0x00000000a0000000, 0x00000000a4900000, 0x00000000e0000000)
  object space 74752K, 85% used [0x00000000a0000000,0x00000000a3e49d88,0x00000000a4900000)
 Metaspace       used 81981K, capacity 84958K, committed 85888K, reserved 1124352K
  class space    used 10328K, capacity 10968K, committed 11136K, reserved 1048576K
Event: 678.998 GC heap after
Heap after GC invocations=84 (full 4):
 PSYoungGen      total 105472K, used 544K [0x00000000e0000000, 0x00000000e7500000, 0x0000000100000000)
  eden space 91136K, 0% used [0x00000000e0000000,0x00000000e0000000,0x00000000e5900000)
  from space 14336K, 3% used [0x00000000e6700000,0x00000000e6788000,0x00000000e7500000)
  to   space 14336K, 0% used [0x00000000e5900000,0x00000000e5900000,0x00000000e6700000)
 ParOldGen       total 74752K, used 64127K [0x00000000a0000000, 0x00000000a4900000, 0x00000000e0000000)
  object space 74752K, 85% used [0x00000000a0000000,0x00000000a3e9fda8,0x00000000a4900000)
 Metaspace       used 81981K, capacity 84958K, committed 85888K, reserved 1124352K
  class space    used 10328K, capacity 10968K, committed 11136K, reserved 1048576K
}
Event: 686.630 GC heap before
{Heap before GC invocations=85 (full 4):
 PSYoungGen      total 105472K, used 91680K [0x00000000e0000000, 0x00000000e7500000, 0x0000000100000000)
  eden space 91136K, 100% used [0x00000000e0000000,0x00000000e5900000,0x00000000e5900000)
  from space 14336K, 3% used [0x00000000e6700000,0x00000000e6788000,0x00000000e7500000)
  to   space 14336K, 0% used [0x00000000e5900000,0x00000000e5900000,0x00000000e6700000)
 ParOldGen       total 74752K, used 64127K [0x00000000a0000000, 0x00000000a4900000, 0x00000000e0000000)
  object space 74752K, 85% used [0x00000000a0000000,0x00000000a3e9fda8,0x00000000a4900000)
 Metaspace       used 86070K, capacity 89086K, committed 90112K, reserved 1128448K
  class space    used 10846K, capacity 11512K, committed 11776K, reserved 1048576K
Event: 686.649 GC heap after
Heap after GC invocations=85 (full 4):
 PSYoungGen      total 105472K, used 9420K [0x00000000e0000000, 0x00000000e8180000, 0x0000000100000000)
  eden space 91136K, 0% used [0x00000000e0000000,0x00000000e0000000,0x00000000e5900000)
  from space 14336K, 65% used [0x00000000e5900000,0x00000000e6233010,0x00000000e6700000)
  to   space 14848K, 0% used [0x00000000e7300000,0x00000000e7300000,0x00000000e8180000)
 ParOldGen       total 74752K, used 64543K [0x00000000a0000000, 0x00000000a4900000, 0x00000000e0000000)
  object space 74752K, 86% used [0x00000000a0000000,0x00000000a3f07da8,0x00000000a4900000)
 Metaspace       used 86070K, capacity 89086K, committed 90112K, reserved 1128448K
  class space    used 10846K, capacity 11512K, committed 11776K, reserved 1048576K
}
Event: 714.804 GC heap before
{Heap before GC invocations=86 (full 4):
 PSYoungGen      total 105472K, used 100556K [0x00000000e0000000, 0x00000000e8180000, 0x0000000100000000)
  eden space 91136K, 100% used [0x00000000e0000000,0x00000000e5900000,0x00000000e5900000)
  from space 14336K, 65% used [0x00000000e5900000,0x00000000e6233010,0x00000000e6700000)
  to   space 14848K, 0% used [0x00000000e7300000,0x00000000e7300000,0x00000000e8180000)
 ParOldGen       total 74752K, used 64543K [0x00000000a0000000, 0x00000000a4900000, 0x00000000e0000000)
  object space 74752K, 86% used [0x00000000a0000000,0x00000000a3f07da8,0x00000000a4900000)
 Metaspace       used 87633K, capacity 90660K, committed 91648K, reserved 1128448K
  class space    used 10960K, capacity 11609K, committed 11776K, reserved 1048576K
Event: 715.138 GC heap after
Heap after GC invocations=86 (full 4):
 PSYoungGen      total 118272K, used 3879K [0x00000000e0000000, 0x00000000e8180000, 0x0000000100000000)
  eden space 103424K, 0% used [0x00000000e0000000,0x00000000e0000000,0x00000000e6500000)
  from space 14848K, 26% used [0x00000000e7300000,0x00000000e76c9f38,0x00000000e8180000)
  to   space 14336K, 0% used [0x00000000e6500000,0x00000000e6500000,0x00000000e7300000)
 ParOldGen       total 74752K, used 68543K [0x00000000a0000000, 0x00000000a4900000, 0x00000000e0000000)
  object space 74752K, 91% used [0x00000000a0000000,0x00000000a42efdc8,0x00000000a4900000)
 Metaspace       used 87633K, capacity 90660K, committed 91648K, reserved 1128448K
  class space    used 10960K, capacity 11609K, committed 11776K, reserved 1048576K
}
Event: 715.353 GC heap before
{Heap before GC invocations=87 (full 5):
 PSYoungGen      total 118272K, used 3879K [0x00000000e0000000, 0x00000000e8180000, 0x0000000100000000)
  eden space 103424K, 0% used [0x00000000e0000000,0x00000000e0000000,0x00000000e6500000)
  from space 14848K, 26% used [0x00000000e7300000,0x00000000e76c9f38,0x00000000e8180000)
  to   space 14336K, 0% used [0x00000000e6500000,0x00000000e6500000,0x00000000e7300000)
 ParOldGen       total 74752K, used 68543K [0x00000000a0000000, 0x00000000a4900000, 0x00000000e0000000)
  object space 74752K, 91% used [0x00000000a0000000,0x00000000a42efdc8,0x00000000a4900000)
 Metaspace       used 87633K, capacity 90660K, committed 91648K, reserved 1128448K
  class space    used 10960K, capacity 11609K, committed 11776K, reserved 1048576K
Event: 726.465 GC heap after
Heap after GC invocations=87 (full 5):
 PSYoungGen      total 118272K, used 0K [0x00000000e0000000, 0x00000000e8180000, 0x0000000100000000)
  eden space 103424K, 0% used [0x00000000e0000000,0x00000000e0000000,0x00000000e6500000)
  from space 14848K, 0% used [0x00000000e7300000,0x00000000e7300000,0x00000000e8180000)
  to   space 14336K, 0% used [0x00000000e6500000,0x00000000e6500000,0x00000000e7300000)
 ParOldGen       total 92672K, used 54565K [0x00000000a0000000, 0x00000000a5a80000, 0x00000000e0000000)
  object space 92672K, 58% used [0x00000000a0000000,0x00000000a35497b0,0x00000000a5a80000)
 Metaspace       used 87633K, capacity 90660K, committed 91648K, reserved 1128448K
  class space    used 10960K, capacity 11609K, committed 11776K, reserved 1048576K
}

